#
# There is insufficient memory for the Java Runtime Environment to continue.
# Native memory allocation (malloc) failed to allocate 108544 bytes for Chunk::new
# Possible reasons:
#   The system is out of physical RAM or swap space
#   The process is running with CompressedOops enabled, and the Java Heap may be blocking the growth of the native heap
# Possible solutions:
#   Reduce memory load on the system
#   Increase physical memory or swap space
#   Check if swap backing store is full
#   Decrease Java heap size (-Xmx/-Xms)
#   Decrease number of Java threads
#   Decrease Java thread stack sizes (-Xss)
#   Set larger code cache with -XX:ReservedCodeCacheSize=
#   JVM is running with Unscaled Compressed Oops mode in which the Java heap is
#     placed in the first 4GB address space. The Java Heap base address is the
#     maximum limit for the native heap growth. Please use -XX:HeapBaseMinAddress
#     to set the Java Heap base and to place the Java Heap above 4GB virtual address.
# This output file may be truncated or incomplete.
#
#  Out of Memory Error (./open/src/hotspot/share/memory/arena.cpp:195), pid=6480, tid=3276
#
# JRE version: OpenJDK Runtime Environment (15.0.2+7) (build 15.0.2+7-27)
# Java VM: OpenJDK 64-Bit Server VM (15.0.2+7-27, mixed mode, tiered, compressed oops, g1 gc, windows-amd64)
# No core dump will be written. Minidumps are not enabled by default on client versions of Windows
#

---------------  S U M M A R Y ------------

Command Line: -Dfile.encoding=UTF-8 -XX:+ShowCodeDetailsInExceptionMessages com.demo.Application

Host: Intel(R) Core(TM) i5-4210U CPU @ 1.70GHz, 4 cores, 3G,  Windows 10 , 64 bit Build 19041 (10.0.19041.1348)
Time: Thu Nov 25 05:08:07 2021 W. Europe Standard Time elapsed time: 0.656626 seconds (0d 0h 0m 0s)

---------------  T H R E A D  ---------------

Current thread (0x000001c53e9d4920):  JavaThread "C2 CompilerThread0" daemon [_thread_in_native, id=3276, stack(0x0000003943300000,0x0000003943400000)]


Current CompileTask:
C2:    656  535       4       java.lang.StringLatin1::replace (198 bytes)

Stack: [0x0000003943300000,0x0000003943400000]
Native frames: (J=compiled Java code, j=interpreted, Vv=VM code, C=native code)
V  [jvm.dll+0x62ae9a]
V  [jvm.dll+0x7817a9]
V  [jvm.dll+0x782f03]
V  [jvm.dll+0x783563]
V  [jvm.dll+0x216325]
V  [jvm.dll+0x97f3a]
V  [jvm.dll+0x9861c]
V  [jvm.dll+0x32e305]
V  [jvm.dll+0x2f768a]
V  [jvm.dll+0x2f6a4a]
V  [jvm.dll+0x1ea705]
V  [jvm.dll+0x1e996e]
V  [jvm.dll+0x178567]
V  [jvm.dll+0x1f9225]
V  [jvm.dll+0x1f72cc]
V  [jvm.dll+0x74495d]
V  [jvm.dll+0x73d75a]
V  [jvm.dll+0x629c56]
C  [ucrtbase.dll+0x21bb2]
C  [KERNEL32.DLL+0x17034]
C  [ntdll.dll+0x52651]


---------------  P R O C E S S  ---------------

Threads class SMR info:
_java_thread_list=0x000001c53f4ab9b0, length=11, elements={
0x000001c5256177a0, 0x000001c53e9479f0, 0x000001c53e9b3510, 0x000001c53e9cd010,
0x000001c53e9cf8e0, 0x000001c53e9d01a0, 0x000001c53e9d4920, 0x000001c53e9e53c0,
0x000001c53f310080, 0x000001c53f490900, 0x000001c53f4a61e0
}

Java Threads: ( => current thread )
  0x000001c5256177a0 JavaThread "main" [_thread_in_vm, id=5876, stack(0x0000003942700000,0x0000003942800000)]
  0x000001c53e9479f0 JavaThread "Reference Handler" daemon [_thread_blocked, id=9452, stack(0x0000003942e00000,0x0000003942f00000)]
  0x000001c53e9b3510 JavaThread "Finalizer" daemon [_thread_blocked, id=16296, stack(0x0000003942f00000,0x0000003943000000)]
  0x000001c53e9cd010 JavaThread "Signal Dispatcher" daemon [_thread_blocked, id=13544, stack(0x0000003943000000,0x0000003943100000)]
  0x000001c53e9cf8e0 JavaThread "Attach Listener" daemon [_thread_blocked, id=14828, stack(0x0000003943100000,0x0000003943200000)]
  0x000001c53e9d01a0 JavaThread "Service Thread" daemon [_thread_blocked, id=7096, stack(0x0000003943200000,0x0000003943300000)]
=>0x000001c53e9d4920 JavaThread "C2 CompilerThread0" daemon [_thread_in_native, id=3276, stack(0x0000003943300000,0x0000003943400000)]
  0x000001c53e9e53c0 JavaThread "C1 CompilerThread0" daemon [_thread_in_native, id=10844, stack(0x0000003943400000,0x0000003943500000)]
  0x000001c53f310080 JavaThread "Sweeper thread" daemon [_thread_blocked, id=10352, stack(0x0000003943500000,0x0000003943600000)]
  0x000001c53f490900 JavaThread "Notification Thread" daemon [_thread_blocked, id=15672, stack(0x0000003943600000,0x0000003943700000)]
  0x000001c53f4a61e0 JavaThread "Common-Cleaner" daemon [_thread_blocked, id=10080, stack(0x0000003943800000,0x0000003943900000)]

Other Threads:
  0x000001c53e9475d0 VMThread "VM Thread" [stack: 0x0000003942d00000,0x0000003942e00000] [id=14812]
  0x000001c53f4913e0 WatcherThread [stack: 0x0000003943700000,0x0000003943800000] [id=11896]
  0x000001c525647a50 GCTaskThread "GC Thread#0" [stack: 0x0000003942800000,0x0000003942900000] [id=2832]
  0x000001c5256508f0 ConcurrentGCThread "G1 Main Marker" [stack: 0x0000003942900000,0x0000003942a00000] [id=2008]
  0x000001c5256533c0 ConcurrentGCThread "G1 Conc#0" [stack: 0x0000003942a00000,0x0000003942b00000] [id=10056]
  0x000001c5256a1c30 ConcurrentGCThread "G1 Refine#0" [stack: 0x0000003942b00000,0x0000003942c00000] [id=13196]
  0x000001c5256a27c0 ConcurrentGCThread "G1 Young RemSet Sampling" [stack: 0x0000003942c00000,0x0000003942d00000] [id=5236]

Threads with active compile tasks:
C2 CompilerThread0      684  535       4       java.lang.StringLatin1::replace (198 bytes)
C1 CompilerThread0      684  543       3       java.net.URLStreamHandler::parseURL (1201 bytes)

VM state: not at safepoint (normal execution)

VM Mutex/Monitor currently owned by a thread: None

Heap address: 0x00000000c1a00000, size: 998 MB, Compressed Oops mode: 32-bit
CDS disabled.
Compressed class space mapped at: 0x0000000100000000-0x0000000140000000, size: 1073741824
Narrow klass base: 0x0000000000000000, Narrow klass shift: 3, Narrow klass range: 0x140000000

GC Precious Log:
 CPUs: 4 total, 4 available
 Memory: 3988M
 Large Page Support: Disabled
 NUMA Support: Disabled
 Compressed Oops: Enabled (32-bit)
 Heap Region Size: 1M
 Heap Min Capacity: 8M
 Heap Initial Capacity: 64M
 Heap Max Capacity: 998M
 Pre-touch: Disabled
 Parallel Workers: 4
 Concurrent Workers: 1
 Concurrent Refinement Workers: 4
 Periodic GC: Disabled

Heap:
 garbage-first heap   total 65536K, used 8192K [0x00000000c1a00000, 0x0000000100000000)
  region size 1024K, 9 young (9216K), 0 survivors (0K)
 Metaspace       used 9178K, capacity 9264K, committed 9600K, reserved 1062912K
  class space    used 778K, capacity 788K, committed 896K, reserved 1048576K

Heap Regions: E=young(eden), S=young(survivor), O=old, HS=humongous(starts), HC=humongous(continues), CS=collection set, F=free, OA=open archive, CA=closed archive, TAMS=top-at-mark-start (previous, next)
|   0|0x00000000c1a00000, 0x00000000c1b00000, 0x00000000c1b00000|100%|HS|  |TAMS 0x00000000c1a00000, 0x00000000c1a00000| Complete 
|   1|0x00000000c1b00000, 0x00000000c1b00000, 0x00000000c1c00000|  0%| F|  |TAMS 0x00000000c1b00000, 0x00000000c1b00000| Untracked 
|   2|0x00000000c1c00000, 0x00000000c1c00000, 0x00000000c1d00000|  0%| F|  |TAMS 0x00000000c1c00000, 0x00000000c1c00000| Untracked 
|   3|0x00000000c1d00000, 0x00000000c1d00000, 0x00000000c1e00000|  0%| F|  |TAMS 0x00000000c1d00000, 0x00000000c1d00000| Untracked 
|   4|0x00000000c1e00000, 0x00000000c1e00000, 0x00000000c1f00000|  0%| F|  |TAMS 0x00000000c1e00000, 0x00000000c1e00000| Untracked 
|   5|0x00000000c1f00000, 0x00000000c1f00000, 0x00000000c2000000|  0%| F|  |TAMS 0x00000000c1f00000, 0x00000000c1f00000| Untracked 
|   6|0x00000000c2000000, 0x00000000c2000000, 0x00000000c2100000|  0%| F|  |TAMS 0x00000000c2000000, 0x00000000c2000000| Untracked 
|   7|0x00000000c2100000, 0x00000000c2100000, 0x00000000c2200000|  0%| F|  |TAMS 0x00000000c2100000, 0x00000000c2100000| Untracked 
|   8|0x00000000c2200000, 0x00000000c2200000, 0x00000000c2300000|  0%| F|  |TAMS 0x00000000c2200000, 0x00000000c2200000| Untracked 
|   9|0x00000000c2300000, 0x00000000c2300000, 0x00000000c2400000|  0%| F|  |TAMS 0x00000000c2300000, 0x00000000c2300000| Untracked 
|  10|0x00000000c2400000, 0x00000000c2400000, 0x00000000c2500000|  0%| F|  |TAMS 0x00000000c2400000, 0x00000000c2400000| Untracked 
|  11|0x00000000c2500000, 0x00000000c2500000, 0x00000000c2600000|  0%| F|  |TAMS 0x00000000c2500000, 0x00000000c2500000| Untracked 
|  12|0x00000000c2600000, 0x00000000c2600000, 0x00000000c2700000|  0%| F|  |TAMS 0x00000000c2600000, 0x00000000c2600000| Untracked 
|  13|0x00000000c2700000, 0x00000000c2700000, 0x00000000c2800000|  0%| F|  |TAMS 0x00000000c2700000, 0x00000000c2700000| Untracked 
|  14|0x00000000c2800000, 0x00000000c2800000, 0x00000000c2900000|  0%| F|  |TAMS 0x00000000c2800000, 0x00000000c2800000| Untracked 
|  15|0x00000000c2900000, 0x00000000c2900000, 0x00000000c2a00000|  0%| F|  |TAMS 0x00000000c2900000, 0x00000000c2900000| Untracked 
|  16|0x00000000c2a00000, 0x00000000c2a00000, 0x00000000c2b00000|  0%| F|  |TAMS 0x00000000c2a00000, 0x00000000c2a00000| Untracked 
|  17|0x00000000c2b00000, 0x00000000c2b00000, 0x00000000c2c00000|  0%| F|  |TAMS 0x00000000c2b00000, 0x00000000c2b00000| Untracked 
|  18|0x00000000c2c00000, 0x00000000c2c00000, 0x00000000c2d00000|  0%| F|  |TAMS 0x00000000c2c00000, 0x00000000c2c00000| Untracked 
|  19|0x00000000c2d00000, 0x00000000c2d00000, 0x00000000c2e00000|  0%| F|  |TAMS 0x00000000c2d00000, 0x00000000c2d00000| Untracked 
|  20|0x00000000c2e00000, 0x00000000c2e00000, 0x00000000c2f00000|  0%| F|  |TAMS 0x00000000c2e00000, 0x00000000c2e00000| Untracked 
|  21|0x00000000c2f00000, 0x00000000c2f00000, 0x00000000c3000000|  0%| F|  |TAMS 0x00000000c2f00000, 0x00000000c2f00000| Untracked 
|  22|0x00000000c3000000, 0x00000000c3000000, 0x00000000c3100000|  0%| F|  |TAMS 0x00000000c3000000, 0x00000000c3000000| Untracked 
|  23|0x00000000c3100000, 0x00000000c3100000, 0x00000000c3200000|  0%| F|  |TAMS 0x00000000c3100000, 0x00000000c3100000| Untracked 
|  24|0x00000000c3200000, 0x00000000c3200000, 0x00000000c3300000|  0%| F|  |TAMS 0x00000000c3200000, 0x00000000c3200000| Untracked 
|  25|0x00000000c3300000, 0x00000000c3300000, 0x00000000c3400000|  0%| F|  |TAMS 0x00000000c3300000, 0x00000000c3300000| Untracked 
|  26|0x00000000c3400000, 0x00000000c3400000, 0x00000000c3500000|  0%| F|  |TAMS 0x00000000c3400000, 0x00000000c3400000| Untracked 
|  27|0x00000000c3500000, 0x00000000c3500000, 0x00000000c3600000|  0%| F|  |TAMS 0x00000000c3500000, 0x00000000c3500000| Untracked 
|  28|0x00000000c3600000, 0x00000000c3600000, 0x00000000c3700000|  0%| F|  |TAMS 0x00000000c3600000, 0x00000000c3600000| Untracked 
|  29|0x00000000c3700000, 0x00000000c3700000, 0x00000000c3800000|  0%| F|  |TAMS 0x00000000c3700000, 0x00000000c3700000| Untracked 
|  30|0x00000000c3800000, 0x00000000c3800000, 0x00000000c3900000|  0%| F|  |TAMS 0x00000000c3800000, 0x00000000c3800000| Untracked 
|  31|0x00000000c3900000, 0x00000000c3900000, 0x00000000c3a00000|  0%| F|  |TAMS 0x00000000c3900000, 0x00000000c3900000| Untracked 
|  32|0x00000000c3a00000, 0x00000000c3a00000, 0x00000000c3b00000|  0%| F|  |TAMS 0x00000000c3a00000, 0x00000000c3a00000| Untracked 
|  33|0x00000000c3b00000, 0x00000000c3b00000, 0x00000000c3c00000|  0%| F|  |TAMS 0x00000000c3b00000, 0x00000000c3b00000| Untracked 
|  34|0x00000000c3c00000, 0x00000000c3c00000, 0x00000000c3d00000|  0%| F|  |TAMS 0x00000000c3c00000, 0x00000000c3c00000| Untracked 
|  35|0x00000000c3d00000, 0x00000000c3d00000, 0x00000000c3e00000|  0%| F|  |TAMS 0x00000000c3d00000, 0x00000000c3d00000| Untracked 
|  36|0x00000000c3e00000, 0x00000000c3e00000, 0x00000000c3f00000|  0%| F|  |TAMS 0x00000000c3e00000, 0x00000000c3e00000| Untracked 
|  37|0x00000000c3f00000, 0x00000000c3f00000, 0x00000000c4000000|  0%| F|  |TAMS 0x00000000c3f00000, 0x00000000c3f00000| Untracked 
|  38|0x00000000c4000000, 0x00000000c4000000, 0x00000000c4100000|  0%| F|  |TAMS 0x00000000c4000000, 0x00000000c4000000| Untracked 
|  39|0x00000000c4100000, 0x00000000c4100000, 0x00000000c4200000|  0%| F|  |TAMS 0x00000000c4100000, 0x00000000c4100000| Untracked 
|  40|0x00000000c4200000, 0x00000000c4200000, 0x00000000c4300000|  0%| F|  |TAMS 0x00000000c4200000, 0x00000000c4200000| Untracked 
|  41|0x00000000c4300000, 0x00000000c4300000, 0x00000000c4400000|  0%| F|  |TAMS 0x00000000c4300000, 0x00000000c4300000| Untracked 
|  42|0x00000000c4400000, 0x00000000c4400000, 0x00000000c4500000|  0%| F|  |TAMS 0x00000000c4400000, 0x00000000c4400000| Untracked 
|  43|0x00000000c4500000, 0x00000000c4500000, 0x00000000c4600000|  0%| F|  |TAMS 0x00000000c4500000, 0x00000000c4500000| Untracked 
|  44|0x00000000c4600000, 0x00000000c4600000, 0x00000000c4700000|  0%| F|  |TAMS 0x00000000c4600000, 0x00000000c4600000| Untracked 
|  45|0x00000000c4700000, 0x00000000c4700000, 0x00000000c4800000|  0%| F|  |TAMS 0x00000000c4700000, 0x00000000c4700000| Untracked 
|  46|0x00000000c4800000, 0x00000000c4800000, 0x00000000c4900000|  0%| F|  |TAMS 0x00000000c4800000, 0x00000000c4800000| Untracked 
|  47|0x00000000c4900000, 0x00000000c4900000, 0x00000000c4a00000|  0%| F|  |TAMS 0x00000000c4900000, 0x00000000c4900000| Untracked 
|  48|0x00000000c4a00000, 0x00000000c4a00000, 0x00000000c4b00000|  0%| F|  |TAMS 0x00000000c4a00000, 0x00000000c4a00000| Untracked 
|  49|0x00000000c4b00000, 0x00000000c4b00000, 0x00000000c4c00000|  0%| F|  |TAMS 0x00000000c4b00000, 0x00000000c4b00000| Untracked 
|  50|0x00000000c4c00000, 0x00000000c4c00000, 0x00000000c4d00000|  0%| F|  |TAMS 0x00000000c4c00000, 0x00000000c4c00000| Untracked 
|  51|0x00000000c4d00000, 0x00000000c4d00000, 0x00000000c4e00000|  0%| F|  |TAMS 0x00000000c4d00000, 0x00000000c4d00000| Untracked 
|  52|0x00000000c4e00000, 0x00000000c4e00000, 0x00000000c4f00000|  0%| F|  |TAMS 0x00000000c4e00000, 0x00000000c4e00000| Untracked 
|  53|0x00000000c4f00000, 0x00000000c4f00000, 0x00000000c5000000|  0%| F|  |TAMS 0x00000000c4f00000, 0x00000000c4f00000| Untracked 
|  54|0x00000000c5000000, 0x00000000c5000000, 0x00000000c5100000|  0%| F|  |TAMS 0x00000000c5000000, 0x00000000c5000000| Untracked 
|  55|0x00000000c5100000, 0x00000000c51cc470, 0x00000000c5200000| 79%| E|  |TAMS 0x00000000c5100000, 0x00000000c5100000| Complete 
|  56|0x00000000c5200000, 0x00000000c5300000, 0x00000000c5300000|100%| E|CS|TAMS 0x00000000c5200000, 0x00000000c5200000| Complete 
|  57|0x00000000c5300000, 0x00000000c5400000, 0x00000000c5400000|100%| E|CS|TAMS 0x00000000c5300000, 0x00000000c5300000| Complete 
|  58|0x00000000c5400000, 0x00000000c5500000, 0x00000000c5500000|100%| E|CS|TAMS 0x00000000c5400000, 0x00000000c5400000| Complete 
|  59|0x00000000c5500000, 0x00000000c5600000, 0x00000000c5600000|100%| E|CS|TAMS 0x00000000c5500000, 0x00000000c5500000| Complete 
|  60|0x00000000c5600000, 0x00000000c5700000, 0x00000000c5700000|100%| E|  |TAMS 0x00000000c5600000, 0x00000000c5600000| Complete 
|  61|0x00000000c5700000, 0x00000000c5800000, 0x00000000c5800000|100%| E|CS|TAMS 0x00000000c5700000, 0x00000000c5700000| Complete 
|  62|0x00000000c5800000, 0x00000000c5900000, 0x00000000c5900000|100%| E|CS|TAMS 0x00000000c5800000, 0x00000000c5800000| Complete 
|  63|0x00000000c5900000, 0x00000000c5a00000, 0x00000000c5a00000|100%| E|CS|TAMS 0x00000000c5900000, 0x00000000c5900000| Complete 

Card table byte_map: [0x000001c53a070000,0x000001c53a270000] _byte_map_base: 0x000001c539a63000

Marking Bits (Prev, Next): (CMBitMap*) 0x000001c5256481d0, (CMBitMap*) 0x000001c525648210
 Prev Bits: [0x000001c53a470000, 0x000001c53b408000)
 Next Bits: [0x000001c53b410000, 0x000001c53c3a8000)

Polling page: 0x000001c5256f0000

Metaspace:

Usage:
  Non-class:      8.28 MB capacity,     8.20 MB (>99%) used,    70.78 KB ( <1%) free+waste,     4.94 KB ( <1%) overhead. 
      Class:    788.00 KB capacity,   778.19 KB ( 99%) used,     8.31 KB (  1%) free+waste,     1.50 KB ( <1%) overhead. 
       Both:      9.05 MB capacity,     8.96 MB (>99%) used,    79.09 KB ( <1%) free+waste,     6.44 KB ( <1%) overhead. 

Virtual space:
  Non-class space:       14.00 MB reserved,       8.50 MB ( 61%) committed 
      Class space:        1.00 GB reserved,     896.00 KB ( <1%) committed 
             Both:        1.01 GB reserved,       9.38 MB ( <1%) committed 

Chunk freelists:
   Non-Class:  36.00 KB
       Class:  12.00 KB
        Both:  48.00 KB

MaxMetaspaceSize: 17179869184.00 GB
CompressedClassSpaceSize: 1.00 GB

CodeHeap 'non-profiled nmethods': size=120000Kb used=145Kb max_used=145Kb free=119855Kb
 bounds [0x000001c532310000, 0x000001c532580000, 0x000001c539840000]
CodeHeap 'profiled nmethods': size=120000Kb used=835Kb max_used=835Kb free=119164Kb
 bounds [0x000001c52ade0000, 0x000001c52b050000, 0x000001c532310000]
CodeHeap 'non-nmethods': size=5760Kb used=1145Kb max_used=1151Kb free=4614Kb
 bounds [0x000001c52a840000, 0x000001c52aab0000, 0x000001c52ade0000]
 total_blobs=937 nmethods=540 adapters=310
 compilation: enabled
              stopped_count=0, restarted_count=0
 full_count=0

Compilation events (20 events):
Event: 0.643 Thread 0x000001c53e9e53c0  529       3       java.lang.AbstractStringBuilder::append (77 bytes)
Event: 0.644 Thread 0x000001c53e9e53c0 nmethod 529 0x000001c52aead810 code [0x000001c52aeada20, 0x000001c52aeae0a8]
Event: 0.644 Thread 0x000001c53e9e53c0  530       3       java.lang.Class::getPackageName (81 bytes)
Event: 0.645 Thread 0x000001c53e9e53c0 nmethod 530 0x000001c52aeae310 code [0x000001c52aeae5a0, 0x000001c52aeaf028]
Event: 0.646 Thread 0x000001c53e9e53c0  532       3       jdk.internal.org.objectweb.asm.ClassReader::readUnsignedShort (26 bytes)
Event: 0.646 Thread 0x000001c53e9e53c0 nmethod 532 0x000001c52aeaf410 code [0x000001c52aeaf5a0, 0x000001c52aeaf6f8]
Event: 0.646 Thread 0x000001c53e9e53c0  533       1       java.lang.invoke.MethodType$ConcurrentWeakInternSet$WeakEntry::hashCode (5 bytes)
Event: 0.646 Thread 0x000001c53e9e53c0 nmethod 533 0x000001c532333310 code [0x000001c5323334a0, 0x000001c532333558]
Event: 0.647 Thread 0x000001c53e9d4920  535       4       java.lang.StringLatin1::replace (198 bytes)
Event: 0.647 Thread 0x000001c53e9e53c0  536       1       java.lang.invoke.MethodHandles$Lookup::lookupClass (5 bytes)
Event: 0.648 Thread 0x000001c53e9e53c0 nmethod 536 0x000001c532333910 code [0x000001c532333aa0, 0x000001c532333b58]
Event: 0.648 Thread 0x000001c53e9e53c0  537       3       java.lang.invoke.MemberName::testAllFlags (7 bytes)
Event: 0.648 Thread 0x000001c53e9e53c0 nmethod 537 0x000001c52aeaf810 code [0x000001c52aeaf9a0, 0x000001c52aeafb58]
Event: 0.648 Thread 0x000001c53e9e53c0  538       1       java.lang.invoke.MethodHandle::type (5 bytes)
Event: 0.648 Thread 0x000001c53e9e53c0 nmethod 538 0x000001c532333c10 code [0x000001c532333da0, 0x000001c532333e58]
Event: 0.648 Thread 0x000001c53e9e53c0  540       3       jdk.internal.org.objectweb.asm.SymbolTable::addConstantUtf8 (98 bytes)
Event: 0.649 Thread 0x000001c53e9e53c0 nmethod 540 0x000001c52aeafc10 code [0x000001c52aeafe40, 0x000001c52aeb0418]
Event: 0.649 Thread 0x000001c53e9e53c0  541       3       jdk.internal.org.objectweb.asm.ByteVector::putByte (39 bytes)
Event: 0.649 Thread 0x000001c53e9e53c0 nmethod 541 0x000001c52aeb0790 code [0x000001c52aeb0940, 0x000001c52aeb0b28]
Event: 0.654 Thread 0x000001c53e9e53c0  543       3       java.net.URLStreamHandler::parseURL (1201 bytes)

GC Heap History (0 events):
No events

Deoptimization events (20 events):
Event: 0.178 Thread 0x000001c5256177a0 Uncommon trap: trap_request=0xffffff45 fr.pc=0x000001c532311390 relative=0x0000000000000070
Event: 0.178 Thread 0x000001c5256177a0 Uncommon trap: reason=unstable_if action=reinterpret pc=0x000001c532311390 method=java.lang.String.isLatin1()Z @ 10 c2
Event: 0.178 Thread 0x000001c5256177a0 DEOPT PACKING pc=0x000001c532311390 sp=0x00000039427fed00
Event: 0.178 Thread 0x000001c5256177a0 DEOPT UNPACKING pc=0x000001c52a88e42f sp=0x00000039427fec40 mode 2
Event: 0.180 Thread 0x000001c5256177a0 Uncommon trap: trap_request=0xffffff45 fr.pc=0x000001c53231472c relative=0x000000000000020c
Event: 0.180 Thread 0x000001c5256177a0 Uncommon trap: reason=unstable_if action=reinterpret pc=0x000001c53231472c method=java.lang.String.hashCode()I @ 42 c2
Event: 0.180 Thread 0x000001c5256177a0 DEOPT PACKING pc=0x000001c53231472c sp=0x00000039427fd5e0
Event: 0.180 Thread 0x000001c5256177a0 DEOPT UNPACKING pc=0x000001c52a88e42f sp=0x00000039427fd578 mode 2
Event: 0.483 Thread 0x000001c5256177a0 Uncommon trap: trap_request=0xffffff45 fr.pc=0x000001c5323248d4 relative=0x0000000000000234
Event: 0.483 Thread 0x000001c5256177a0 Uncommon trap: reason=unstable_if action=reinterpret pc=0x000001c5323248d4 method=java.io.BufferedReader.read()I @ 19 c2
Event: 0.483 Thread 0x000001c5256177a0 DEOPT PACKING pc=0x000001c5323248d4 sp=0x00000039427fc270
Event: 0.483 Thread 0x000001c5256177a0 DEOPT UNPACKING pc=0x000001c52a88e42f sp=0x00000039427fc1b0 mode 2
Event: 0.626 Thread 0x000001c5256177a0 Uncommon trap: trap_request=0xffffff45 fr.pc=0x000001c53231bce8 relative=0x00000000000003c8
Event: 0.626 Thread 0x000001c5256177a0 Uncommon trap: reason=unstable_if action=reinterpret pc=0x000001c53231bce8 method=java.lang.StringLatin1.canEncode(I)Z @ 4 c2
Event: 0.627 Thread 0x000001c5256177a0 DEOPT PACKING pc=0x000001c53231bce8 sp=0x00000039427fd410
Event: 0.627 Thread 0x000001c5256177a0 DEOPT UNPACKING pc=0x000001c52a88e42f sp=0x00000039427fd338 mode 2
Event: 0.627 Thread 0x000001c5256177a0 Uncommon trap: trap_request=0xffffff45 fr.pc=0x000001c53231ab58 relative=0x00000000000001b8
Event: 0.627 Thread 0x000001c5256177a0 Uncommon trap: reason=unstable_if action=reinterpret pc=0x000001c53231ab58 method=java.lang.AbstractStringBuilder.isLatin1()Z @ 10 c2
Event: 0.627 Thread 0x000001c5256177a0 DEOPT PACKING pc=0x000001c53231ab58 sp=0x00000039427fd430
Event: 0.627 Thread 0x000001c5256177a0 DEOPT UNPACKING pc=0x000001c52a88e42f sp=0x00000039427fd3a0 mode 2

Classes unloaded (0 events):
No events

Classes redefined (0 events):
No events

Internal exceptions (3 events):
Event: 0.480 Thread 0x000001c5256177a0 Exception <a 'java/lang/ClassNotFoundException'{0x00000000c538ed10}: javax/smartcardio/CardPermission> (0x00000000c538ed10) 
thrown [./open/src/hotspot/share/classfile/systemDictionary.cpp, line 295]
Event: 0.487 Thread 0x000001c5256177a0 Exception <a 'java/io/FileNotFoundException'{0x00000000c539d3a8}> (0x00000000c539d3a8) 
thrown [./open/src/hotspot/share/prims/jni.cpp, line 578]
Event: 0.522 Thread 0x000001c5256177a0 Exception <a 'java/lang/NoSuchMethodError'{0x00000000c53c7950}: 'void java.lang.invoke.DirectMethodHandle$Holder.invokeSpecial(java.lang.Object, java.lang.Object, java.lang.Object)'> (0x00000000c53c7950) 
thrown [./open/src/hotspot/share/interpreter/linkResolver.cpp, line 782]

Events (20 events):
Event: 0.647 loading class java/util/function/Predicate
Event: 0.647 loading class java/util/function/Predicate done
Event: 0.649 loading class java/util/stream/IntPipeline$9$1
Event: 0.649 loading class java/util/stream/Sink$ChainedInt
Event: 0.649 loading class java/util/stream/Sink$ChainedInt done
Event: 0.649 loading class java/util/stream/IntPipeline$9$1 done
Event: 0.649 loading class java/lang/StringUTF16$CharsSpliterator
Event: 0.649 loading class java/lang/StringUTF16$CharsSpliterator done
Event: 0.649 loading class java/lang/CharacterData00
Event: 0.650 loading class java/lang/CharacterData00 done
Event: 0.652 loading class java/text/DecimalFormat
Event: 0.652 loading class java/text/DecimalFormat done
Event: 0.653 loading class java/text/FieldPosition
Event: 0.653 loading class java/text/FieldPosition done
Event: 0.653 loading class java/text/DigitList
Event: 0.653 loading class java/text/DigitList done
Event: 0.653 loading class java/math/RoundingMode
Event: 0.653 loading class java/math/RoundingMode done
Event: 0.654 loading class java/util/Date
Event: 0.654 loading class java/util/Date done


Dynamic libraries:
0x00007ff780be0000 - 0x00007ff780bed000 	C:\Users\Nikunj\.p2\pool\plugins\org.eclipse.justj.openjdk.hotspot.jre.full.win32.x86_64_15.0.2.v20210201-0955\jre\bin\javaw.exe
0x00007ffac4270000 - 0x00007ffac4465000 	C:\WINDOWS\SYSTEM32\ntdll.dll
0x00007ffac3f90000 - 0x00007ffac404e000 	C:\WINDOWS\System32\KERNEL32.DLL
0x00007ffac1a90000 - 0x00007ffac1d58000 	C:\WINDOWS\System32\KERNELBASE.dll
0x00007ffac2140000 - 0x00007ffac2240000 	C:\WINDOWS\System32\ucrtbase.dll
0x00007ffabd360000 - 0x00007ffabd379000 	C:\Users\Nikunj\.p2\pool\plugins\org.eclipse.justj.openjdk.hotspot.jre.full.win32.x86_64_15.0.2.v20210201-0955\jre\bin\VCRUNTIME140.dll
0x00007ffabd3b0000 - 0x00007ffabd3c8000 	C:\Users\Nikunj\.p2\pool\plugins\org.eclipse.justj.openjdk.hotspot.jre.full.win32.x86_64_15.0.2.v20210201-0955\jre\bin\jli.dll
0x00007ffac3c40000 - 0x00007ffac3de1000 	C:\WINDOWS\System32\USER32.dll
0x00007ffac2240000 - 0x00007ffac2262000 	C:\WINDOWS\System32\win32u.dll
0x00007ffaae190000 - 0x00007ffaae42a000 	C:\WINDOWS\WinSxS\amd64_microsoft.windows.common-controls_6595b64144ccf1df_6.0.19041.1110_none_60b5254171f9507e\COMCTL32.dll
0x00007ffac3ec0000 - 0x00007ffac3eeb000 	C:\WINDOWS\System32\GDI32.dll
0x00007ffac2030000 - 0x00007ffac213b000 	C:\WINDOWS\System32\gdi32full.dll
0x00007ffac1990000 - 0x00007ffac1a2d000 	C:\WINDOWS\System32\msvcp_win.dll
0x00007ffac3ef0000 - 0x00007ffac3f8e000 	C:\WINDOWS\System32\msvcrt.dll
0x00007ffac2b60000 - 0x00007ffac2b90000 	C:\WINDOWS\System32\IMM32.DLL
0x00007ffabd390000 - 0x00007ffabd39c000 	C:\Users\Nikunj\.p2\pool\plugins\org.eclipse.justj.openjdk.hotspot.jre.full.win32.x86_64_15.0.2.v20210201-0955\jre\bin\vcruntime140_1.dll
0x00007ffab06a0000 - 0x00007ffab0731000 	C:\Users\Nikunj\.p2\pool\plugins\org.eclipse.justj.openjdk.hotspot.jre.full.win32.x86_64_15.0.2.v20210201-0955\jre\bin\msvcp140.dll
0x00007ffa73840000 - 0x00007ffa7439e000 	C:\Users\Nikunj\.p2\pool\plugins\org.eclipse.justj.openjdk.hotspot.jre.full.win32.x86_64_15.0.2.v20210201-0955\jre\bin\server\jvm.dll
0x00007ffac4060000 - 0x00007ffac410c000 	C:\WINDOWS\System32\ADVAPI32.dll
0x00007ffac31b0000 - 0x00007ffac324b000 	C:\WINDOWS\System32\sechost.dll
0x00007ffac2b90000 - 0x00007ffac2cba000 	C:\WINDOWS\System32\RPCRT4.dll
0x00007ffac2740000 - 0x00007ffac2748000 	C:\WINDOWS\System32\PSAPI.DLL
0x00007ffaa9340000 - 0x00007ffaa9349000 	C:\WINDOWS\SYSTEM32\WSOCK32.dll
0x00007ffaaf1b0000 - 0x00007ffaaf1d7000 	C:\WINDOWS\SYSTEM32\WINMM.dll
0x00007ffac3430000 - 0x00007ffac349b000 	C:\WINDOWS\System32\WS2_32.dll
0x00007ffac07e0000 - 0x00007ffac07ea000 	C:\WINDOWS\SYSTEM32\VERSION.dll
0x00007ffac07a0000 - 0x00007ffac07b2000 	C:\WINDOWS\SYSTEM32\kernel.appcore.dll
0x00007ffaa4ae0000 - 0x00007ffaa4aea000 	C:\Users\Nikunj\.p2\pool\plugins\org.eclipse.justj.openjdk.hotspot.jre.full.win32.x86_64_15.0.2.v20210201-0955\jre\bin\jimage.dll
0x00007ffab1160000 - 0x00007ffab1344000 	C:\WINDOWS\SYSTEM32\DBGHELP.DLL
0x00007ffab0f10000 - 0x00007ffab0f3c000 	C:\WINDOWS\SYSTEM32\dbgcore.DLL
0x00007ffac1f70000 - 0x00007ffac1ff3000 	C:\WINDOWS\System32\bcryptPrimitives.dll
0x00007ffa73810000 - 0x00007ffa73835000 	C:\Users\Nikunj\.p2\pool\plugins\org.eclipse.justj.openjdk.hotspot.jre.full.win32.x86_64_15.0.2.v20210201-0955\jre\bin\java.dll
0x00007ffa98f80000 - 0x00007ffa98f98000 	C:\Users\Nikunj\.p2\pool\plugins\org.eclipse.justj.openjdk.hotspot.jre.full.win32.x86_64_15.0.2.v20210201-0955\jre\bin\zip.dll
0x00007ffac34a0000 - 0x00007ffac3bdf000 	C:\WINDOWS\System32\SHELL32.dll
0x00007ffac0010000 - 0x00007ffac07a0000 	C:\WINDOWS\SYSTEM32\windows.storage.dll
0x00007ffac2e50000 - 0x00007ffac31a5000 	C:\WINDOWS\System32\combase.dll
0x00007ffac13e0000 - 0x00007ffac140e000 	C:\WINDOWS\SYSTEM32\Wldp.dll
0x00007ffac2ab0000 - 0x00007ffac2b5d000 	C:\WINDOWS\System32\SHCORE.dll
0x00007ffac2a50000 - 0x00007ffac2aa5000 	C:\WINDOWS\System32\shlwapi.dll
0x00007ffac18d0000 - 0x00007ffac18ef000 	C:\WINDOWS\SYSTEM32\profapi.dll
0x00007ffa8efe0000 - 0x00007ffa8eff9000 	C:\Users\Nikunj\.p2\pool\plugins\org.eclipse.justj.openjdk.hotspot.jre.full.win32.x86_64_15.0.2.v20210201-0955\jre\bin\net.dll
0x00007ffab6b20000 - 0x00007ffab6c2c000 	C:\WINDOWS\SYSTEM32\WINHTTP.dll
0x00007ffac1140000 - 0x00007ffac11aa000 	C:\WINDOWS\system32\mswsock.dll
0x00007ffa737f0000 - 0x00007ffa73802000 	C:\Users\Nikunj\.p2\pool\plugins\org.eclipse.justj.openjdk.hotspot.jre.full.win32.x86_64_15.0.2.v20210201-0955\jre\bin\nio.dll
0x00007ffa9d5a0000 - 0x00007ffa9d5b0000 	C:\Users\Nikunj\.p2\pool\plugins\org.eclipse.justj.openjdk.hotspot.jre.full.win32.x86_64_15.0.2.v20210201-0955\jre\bin\verify.dll

dbghelp: loaded successfully - version: 4.0.5 - missing functions: none
symbol engine: initialized successfully - sym options: 0x614 - pdb path: .;C:\Users\Nikunj\.p2\pool\plugins\org.eclipse.justj.openjdk.hotspot.jre.full.win32.x86_64_15.0.2.v20210201-0955\jre\bin;C:\WINDOWS\SYSTEM32;C:\WINDOWS\WinSxS\amd64_microsoft.windows.common-controls_6595b64144ccf1df_6.0.19041.1110_none_60b5254171f9507e;C:\Users\Nikunj\.p2\pool\plugins\org.eclipse.justj.openjdk.hotspot.jre.full.win32.x86_64_15.0.2.v20210201-0955\jre\bin\server

VM Arguments:
jvm_args: -Dfile.encoding=UTF-8 -XX:+ShowCodeDetailsInExceptionMessages 
java_command: com.demo.Application
java_class_path (initial): C:\Users\Nikunj\Downloads\Trackers\target\classes;C:\Users\Nikunj\.m2\repository\org\springframework\boot\spring-boot-starter-data-jpa\2.5.7\spring-boot-starter-data-jpa-2.5.7.jar;C:\Users\Nikunj\.m2\repository\org\springframework\boot\spring-boot-starter-aop\2.5.7\spring-boot-starter-aop-2.5.7.jar;C:\Users\Nikunj\.m2\repository\org\springframework\spring-aop\5.3.13\spring-aop-5.3.13.jar;C:\Users\Nikunj\.m2\repository\org\aspectj\aspectjweaver\1.9.7\aspectjweaver-1.9.7.jar;C:\Users\Nikunj\.m2\repository\org\springframework\boot\spring-boot-starter-jdbc\2.5.7\spring-boot-starter-jdbc-2.5.7.jar;C:\Users\Nikunj\.m2\repository\com\zaxxer\HikariCP\4.0.3\HikariCP-4.0.3.jar;C:\Users\Nikunj\.m2\repository\org\springframework\spring-jdbc\5.3.13\spring-jdbc-5.3.13.jar;C:\Users\Nikunj\.m2\repository\jakarta\transaction\jakarta.transaction-api\1.3.3\jakarta.transaction-api-1.3.3.jar;C:\Users\Nikunj\.m2\repository\jakarta\persistence\jakarta.persistence-api\2.2.3\jakarta.persistence-api-2.2.3.jar;C:\Users\Nikunj\.m2\repository\org\hibernate\hibernate-core\5.4.32.Final\hibernate-core-5.4.32.Final.jar;C:\Users\Nikunj\.m2\repository\org\jboss\logging\jboss-logging\3.4.2.Final\jboss-logging-3.4.2.Final.jar;C:\Users\Nikunj\.m2\repository\org\javassist\javassist\3.27.0-GA\javassist-3.27.0-GA.jar;C:\Users\Nikunj\.m2\repository\net\bytebuddy\byte-buddy\1.10.22\byte-buddy-1.10.22.jar;C:\Users\Nikunj\.m2\repository\antlr\antlr\2.7.7\antlr-2.7.7.jar;C:\Users\Nikunj\.m2\repository\org\jboss\jandex\2.2.3.Final\jandex-2.2.3.Final.jar;C:\Users\Nikunj\.m2\repository\com\fasterxml\classmate\1.5.1\classmate-1.5.1.jar;C:\Users\Nikunj\.m2\repository\org\dom4j\dom4j\2.1.3\dom4j-2.1.3.jar;C:\Users\Nikunj\.m2\repository\org\hibernate\common\hibernate-commons-annotations\5.1.2.Final\hibernate-commons-annotations-5.1.2.Final.jar;C:\Users\Nikunj\.m2\repository\org\glassfish\jaxb\jaxb-runtime\2.3.5\jaxb-runtime-2.3.5.jar;C:\Users\Nikunj\.m2\repository\jakarta\xml\bind\jakarta.
Launcher Type: SUN_STANDARD

[Global flags]
     intx CICompilerCount                          = 3                                         {product} {ergonomic}
     uint ConcGCThreads                            = 1                                         {product} {ergonomic}
     uint G1ConcRefinementThreads                  = 4                                         {product} {ergonomic}
   size_t G1HeapRegionSize                         = 1048576                                   {product} {ergonomic}
    uintx GCDrainStackTargetSize                   = 64                                        {product} {ergonomic}
   size_t InitialHeapSize                          = 67108864                                  {product} {ergonomic}
   size_t MarkStackSize                            = 4194304                                   {product} {ergonomic}
   size_t MaxHeapSize                              = 1046478848                                {product} {ergonomic}
   size_t MaxNewSize                               = 627048448                                 {product} {ergonomic}
   size_t MinHeapDeltaBytes                        = 1048576                                   {product} {ergonomic}
   size_t MinHeapSize                              = 8388608                                   {product} {ergonomic}
    uintx NonNMethodCodeHeapSize                   = 5832780                                {pd product} {ergonomic}
    uintx NonProfiledCodeHeapSize                  = 122912730                              {pd product} {ergonomic}
    uintx ProfiledCodeHeapSize                     = 122912730                              {pd product} {ergonomic}
    uintx ReservedCodeCacheSize                    = 251658240                              {pd product} {ergonomic}
     bool SegmentedCodeCache                       = true                                      {product} {ergonomic}
     bool ShowCodeDetailsInExceptionMessages       = true                                   {manageable} {command line}
   size_t SoftMaxHeapSize                          = 1046478848                             {manageable} {ergonomic}
     bool UseCompressedClassPointers               = true                                 {lp64_product} {ergonomic}
     bool UseCompressedOops                        = true                                 {lp64_product} {ergonomic}
     bool UseG1GC                                  = true                                      {product} {ergonomic}
     bool UseLargePagesIndividualAllocation        = false                                  {pd product} {ergonomic}

Logging:
Log output configuration:
 #0: stdout all=warning uptime,level,tags
 #1: stderr all=off uptime,level,tags

Environment Variables:
PATH=C:/Users/Nikunj/.p2/pool/plugins/org.eclipse.justj.openjdk.hotspot.jre.full.win32.x86_64_15.0.2.v20210201-0955/jre/bin/server;C:/Users/Nikunj/.p2/pool/plugins/org.eclipse.justj.openjdk.hotspot.jre.full.win32.x86_64_15.0.2.v20210201-0955/jre/bin;C:\Program Files (x86)\Common Files\Oracle\Java\javapath;C:\WINDOWS\system32;C:\WINDOWS;C:\WINDOWS\System32\Wbem;C:\WINDOWS\System32\WindowsPowerShell\v1.0\;C:\WINDOWS\System32\OpenSSH\;C:\Program Files\MySQL\MySQL Shell 8.0\bin\;C:\Users\Nikunj\AppData\Local\Microsoft\WindowsApps;;C:\Users\Nikunj\OneDrive\Desktop;
USERNAME=Nikunj
OS=Windows_NT
PROCESSOR_IDENTIFIER=Intel64 Family 6 Model 69 Stepping 1, GenuineIntel



---------------  S Y S T E M  ---------------

OS:
 Windows 10 , 64 bit Build 19041 (10.0.19041.1348)
OS uptime: 0 days 15:36 hours

CPU: total 4 (initial active 4) (2 cores per cpu, 2 threads per core) family 6 model 69 stepping 1 microcode 0x25, cmov, cx8, fxsr, mmx, sse, sse2, sse3, ssse3, sse4.1, sse4.2, popcnt, vzeroupper, avx, avx2, aes, clmul, erms, lzcnt, ht, tsc, tscinvbit, bmi1, bmi2, fma, clflush

Memory: 4k page, system-wide physical 3988M (318M free)
TotalPageFile size 16276M (AvailPageFile size 1M)
current process WorkingSet (physical memory assigned to process): 50M, peak: 50M
current process commit charge ("private bytes"): 139M, peak: 139M

vm_info: OpenJDK 64-Bit Server VM (15.0.2+7-27) for windows-amd64 JRE (15.0.2+7-27), built on Dec  7 2020 20:02:38 by "mach5one" with unknown MS VC++:1925

END.
